<?xml version="1.0" encoding="UTF-8"?>
<testsuite xmlns:xsi="http://www.w3.org/2001/XMLSchema-instance" xsi:noNamespaceSchemaLocation="https://maven.apache.org/surefire/maven-surefire-plugin/xsd/surefire-test-report-3.0.xsd" version="3.0" name="com.example.vag.recommendation.service.RecommendationServiceImplTest" time="0.264" tests="3" errors="0" skipped="0" failures="0">
  <properties>
[...]
</properties>
  <testcase name="testDefaultTopN" classname="com.example.vag.recommendation.service.RecommendationServiceImplTest" time="0.199">
    <system-err><![CDATA[апр. 16, 2026 8:35:03 PM com.example.vag.recommendation.service.RecommendationServiceImpl isRecommendationSystemAvailable
WARNING: Скрипт рекомендаций не найден: /nonexistent/path/recommendation_engine.py
апр. 16, 2026 8:35:03 PM com.example.vag.recommendation.service.RecommendationServiceImpl getRecommendationsForUser
WARNING: Система рекомендаций недоступна. Возвращается пустой список.
]]></system-err>
  </testcase>
  <testcase name="testGetRecommendationsWhenScriptUnavailable" classname="com.example.vag.recommendation.service.RecommendationServiceImplTest" time="0.001">
    <system-err><![CDATA[апр. 16, 2026 8:35:03 PM com.example.vag.recommendation.service.RecommendationServiceImpl isRecommendationSystemAvailable
WARNING: Скрипт рекомендаций не найден: /nonexistent/path/recommendation_engine.py
апр. 16, 2026 8:35:03 PM com.example.vag.recommendation.service.RecommendationServiceImpl getRecommendationsForUser
WARNING: Система рекомендаций недоступна. Возвращается пустой список.
]]></system-err>
  </testcase>
  <testcase name="testIsRecommendationSystemUnavailable" classname="com.example.vag.recommendation.service.RecommendationServiceImplTest" time="0.0">
    <system-err><![CDATA[апр. 16, 2026 8:35:03 PM com.example.vag.recommendation.service.RecommendationServiceImpl isRecommendationSystemAvailable
WARNING: Скрипт рекомендаций не найден: /nonexistent/path/recommendation_engine.py
]]></system-err>
  </testcase>
</testsuite>