<?xml version="1.0" encoding="UTF-8"?>
<testsuite xmlns:xsi="http://www.w3.org/2001/XMLSchema-instance" xsi:noNamespaceSchemaLocation="https://maven.apache.org/surefire/maven-surefire-plugin/xsd/surefire-test-report-3.0.xsd" version="3.0" name="com.example.vag.recommendation.service.RecommendationServiceImplTest" time="0.618" tests="3" errors="0" skipped="0" failures="0">
  <properties>
[...]
</properties>
  <testcase name="testDefaultTopN" classname="com.example.vag.recommendation.service.RecommendationServiceImplTest" time="0.522">
    <system-err><![CDATA[мая 14, 2026 1:39:25 PM com.example.vag.recommendation.service.RecommendationServiceImpl <init>
INFO: RecommendationService инициализирован с скриптом: /nonexistent/path/recommendation_engine.py
мая 14, 2026 1:39:25 PM com.example.vag.recommendation.service.RecommendationServiceImpl isRecommendationSystemAvailable
WARNING: Python скрипт не найден: /nonexistent/path/recommendation_engine.py
мая 14, 2026 1:39:25 PM com.example.vag.recommendation.service.RecommendationServiceImpl getRecommendationsForUserExtended
WARNING: Система рекомендаций недоступна. Пользователь: 1
]]></system-err>
  </testcase>
  <testcase name="testGetRecommendationsWhenScriptUnavailable" classname="com.example.vag.recommendation.service.RecommendationServiceImplTest" time="0.001">
    <system-err><![CDATA[мая 14, 2026 1:39:25 PM com.example.vag.recommendation.service.RecommendationServiceImpl <init>
INFO: RecommendationService инициализирован с скриптом: /nonexistent/path/recommendation_engine.py
мая 14, 2026 1:39:25 PM com.example.vag.recommendation.service.RecommendationServiceImpl isRecommendationSystemAvailable
WARNING: Python скрипт не найден: /nonexistent/path/recommendation_engine.py
мая 14, 2026 1:39:25 PM com.example.vag.recommendation.service.RecommendationServiceImpl getRecommendationsForUserExtended
WARNING: Система рекомендаций недоступна. Пользователь: 1
]]></system-err>
  </testcase>
  <testcase name="testIsRecommendationSystemUnavailable" classname="com.example.vag.recommendation.service.RecommendationServiceImplTest" time="0.001">
    <system-err><![CDATA[мая 14, 2026 1:39:25 PM com.example.vag.recommendation.service.RecommendationServiceImpl <init>
INFO: RecommendationService инициализирован с скриптом: /nonexistent/path/recommendation_engine.py
мая 14, 2026 1:39:25 PM com.example.vag.recommendation.service.RecommendationServiceImpl isRecommendationSystemAvailable
WARNING: Python скрипт не найден: /nonexistent/path/recommendation_engine.py
]]></system-err>
  </testcase>
</testsuite>