<?xml version="1.0" encoding="UTF-8" ?>
<testsuite tests="7" failures="0" name="com.example.vag.service.impl.NSFWDetectionServiceTest" time="0.07" errors="0" skipped="0">
  <properties>
[...]
</properties>
  <testcase classname="com.example.vag.service.impl.NSFWDetectionServiceTest" name="getRejectionReason_whenHentaiAboveThreshold_shouldReturnHentaiMessage" time="0.066"/>
  <testcase classname="com.example.vag.service.impl.NSFWDetectionServiceTest" name="getRejectionReason_whenPornVeryHigh_shouldReturnStrongMessage" time="0.001"/>
  <testcase classname="com.example.vag.service.impl.NSFWDetectionServiceTest" name="analyze_whenModelUnavailable_shouldReturnSafeResult" time="0.001"/>
  <testcase classname="com.example.vag.service.impl.NSFWDetectionServiceTest" name="getRejectionReason_whenHentaiVeryHigh_shouldReturnHentaiStrongMessage" time="0"/>
  <testcase classname="com.example.vag.service.impl.NSFWDetectionServiceTest" name="getRejectionReason_whenSexyAboveThreshold_shouldReturnSexyMessage" time="0.001"/>
  <testcase classname="com.example.vag.service.impl.NSFWDetectionServiceTest" name="getRejectionReason_whenPornAboveThreshold_shouldReturnAdultMessage" time="0"/>
  <testcase classname="com.example.vag.service.impl.NSFWDetectionServiceTest" name="getRejectionReason_whenNoScores_shouldReturnGenericMessage" time="0.001"/>
</testsuite>